<?xml version="1.0" encoding="UTF-8"?>
<!-- Generated by org.testng.reporters.JUnitReportReporter -->
<testsuite skipped="0" hostname="HimPC" name="com.sunny.TestingRestApi" tests="1" failures="0" timestamp="14 Jul 2018 19:12:31 GMT" time="3.687" errors="0">
  <testcase name="checkCallFromRest" time="3.687" classname="com.sunny.TestingRestApi"/>
</testsuite> <!-- com.sunny.TestingRestApi -->
