<?xml version="1.0" encoding="UTF-8"?>
<!-- Generated by org.testng.reporters.JUnitReportReporter -->
<testsuite skipped="0" hostname="HimPC" name="utilities.MysqlConnection" tests="1" failures="0" timestamp="13 Oct 2018 22:03:03 GMT" time="0.409" errors="0">
  <testcase name="mySqlConnectivity" time="0.409" classname="utilities.MysqlConnection"/>
</testsuite> <!-- utilities.MysqlConnection -->
