<?xml version="1.0" encoding="UTF-8"?>
<!-- Generated by org.testng.reporters.JUnitReportReporter -->
<testsuite skipped="0" hostname="HimPC" name="seleniummaven.EdgeDriver" tests="1" failures="0" timestamp="22 Aug 2018 19:50:59 GMT" time="9.772" errors="0">
  <testcase name="runner" time="9.772" classname="seleniummaven.EdgeDriver"/>
</testsuite> <!-- seleniummaven.EdgeDriver -->
