<?xml version="1.0" encoding="UTF-8"?>
<!-- Generated by org.testng.reporters.JUnitReportReporter -->
<testsuite skipped="0" hostname="HimPC" name="seleniummaven.InternetEDriver" tests="1" failures="0" timestamp="15 Sep 2018 12:14:06 GMT" time="12.855" errors="0">
  <testcase name="runner" time="12.855" classname="seleniummaven.InternetEDriver"/>
</testsuite> <!-- seleniummaven.InternetEDriver -->
