<?xml version="1.0" encoding="UTF-8"?>
<!-- Generated by org.testng.reporters.JUnitReportReporter -->
<testsuite skipped="0" hostname="HimPC" name="seleniummaven.FirefoxUpdate" tests="1" failures="0" timestamp="22 Aug 2018 19:45:30 GMT" time="20.582" errors="0">
  <testcase name="runner" time="20.582" classname="seleniummaven.FirefoxUpdate"/>
</testsuite> <!-- seleniummaven.FirefoxUpdate -->
