<?xml version="1.0" encoding="UTF-8"?>
<!-- Generated by org.testng.reporters.JUnitReportReporter -->
<testsuite skipped="0" hostname="HimPC" name="com.sunny.Test2Sun" tests="1" failures="0" timestamp="18 Aug 2018 16:57:39 GMT" time="14.905" errors="0">
  <testcase name="manuplate" time="14.905" classname="com.sunny.Test2Sun"/>
</testsuite> <!-- com.sunny.Test2Sun -->
