<?xml version="1.0" encoding="UTF-8"?>
<!-- Generated by org.testng.reporters.JUnitReportReporter -->
<testsuite skipped="0" hostname="HimPC" name="sunnyTestng.ClassThree" tests="3" failures="0" timestamp="02 Sep 2018 10:50:08 GMT" time="0.000" errors="0">
  <testcase name="aMethodOne" time="0.000" classname="sunnyTestng.ClassThree"/>
  <testcase name="cMethodSix" time="0.000" classname="sunnyTestng.ClassThree"/>
  <testcase name="bMethodSecond" time="0.000" classname="sunnyTestng.ClassThree"/>
</testsuite> <!-- sunnyTestng.ClassThree -->
