<?xml version="1.0" encoding="UTF-8"?>
<!-- Generated by org.testng.reporters.JUnitReportReporter -->
<testsuite skipped="0" hostname="HimPC" name="seleniummaven.InternetEDriver" tests="1" failures="0" timestamp="22 Aug 2018 19:54:24 GMT" time="9.617" errors="0">
  <testcase name="runner" time="9.617" classname="seleniummaven.InternetEDriver"/>
</testsuite> <!-- seleniummaven.InternetEDriver -->
