<?xml version="1.0" encoding="UTF-8"?>
<!-- Generated by org.testng.reporters.JUnitReportReporter -->
<testsuite skipped="0" hostname="HimPC" name="com.sunny.NewTest1" tests="1" failures="0" timestamp="09 Oct 2018 18:59:03 GMT" time="0.045" errors="0">
  <testcase name="fuu" time="0.045" classname="com.sunny.NewTest1"/>
</testsuite> <!-- com.sunny.NewTest1 -->
