<?xml version="1.0" encoding="UTF-8"?>
<!-- Generated by org.testng.reporters.JUnitReportReporter -->
<testsuite skipped="0" hostname="HimPC" name="seleniummaven.FirefoxUpdate" tests="1" failures="0" timestamp="09 Sep 2018 11:27:34 GMT" time="26.729" errors="0">
  <testcase name="runner" time="26.729" classname="seleniummaven.FirefoxUpdate"/>
</testsuite> <!-- seleniummaven.FirefoxUpdate -->
