<?xml version="1.0" encoding="UTF-8"?>
<!-- Generated by org.testng.reporters.JUnitReportReporter -->
<testsuite skipped="0" hostname="HimPC" name="seleniummaven.ChromeUpdate" tests="1" failures="0" timestamp="22 Aug 2018 19:43:46 GMT" time="17.437" errors="0">
  <testcase name="runner" time="17.437" classname="seleniummaven.ChromeUpdate"/>
</testsuite> <!-- seleniummaven.ChromeUpdate -->
