<?xml version="1.0" encoding="UTF-8"?>
<!-- Generated by org.testng.reporters.JUnitReportReporter -->
<testsuite skipped="0" hostname="HimPC" name="seleniummaven.Google_Practice" tests="1" failures="0" timestamp="01 Sep 2018 15:57:18 GMT" time="8.564" errors="0">
  <testcase name="run" time="8.564" classname="seleniummaven.Google_Practice"/>
</testsuite> <!-- seleniummaven.Google_Practice -->
