<?xml version="1.0" encoding="UTF-8"?>
<!-- Generated by org.testng.reporters.JUnitReportReporter -->
<testsuite skipped="0" hostname="HimPC" name="restAssured.RestApiTesing" tests="1" failures="0" timestamp="20 Aug 2018 10:48:35 GMT" time="6.005" errors="0">
  <testcase name="checkResponseContent" time="6.005" classname="restAssured.RestApiTesing"/>
</testsuite> <!-- restAssured.RestApiTesing -->
