<?xml version="1.0" encoding="UTF-8"?>
<!-- Generated by org.testng.reporters.JUnitReportReporter -->
<testsuite skipped="0" hostname="HimPC" name="seleniummaven.GooglePractice" tests="1" failures="0" timestamp="01 Sep 2018 11:23:14 GMT" time="13.246" errors="0">
  <testcase name="run" time="13.246" classname="seleniummaven.GooglePractice"/>
</testsuite> <!-- seleniummaven.GooglePractice -->
