<?xml version="1.0" encoding="UTF-8"?>
<!-- Generated by org.testng.reporters.JUnitReportReporter -->
<testsuite skipped="0" hostname="HimPC" name="seleniummaven.FirefoxUpdate" tests="1" failures="0" timestamp="15 Sep 2018 12:13:42 GMT" time="22.591" errors="0">
  <testcase name="runner" time="22.591" classname="seleniummaven.FirefoxUpdate"/>
</testsuite> <!-- seleniummaven.FirefoxUpdate -->
